[2026-03-08 18:40:36] Starting AI Trade daily distribution...
[2026-03-08 18:40:36] ERROR during distribution: no such table: global_settings
[2026-03-08 18:41:06] Starting AI Trade daily distribution...
[2026-03-08 18:41:06] ERROR during distribution: no such table: global_settings
[2026-03-08 18:54:18] Starting AI Trade daily distribution...
[2026-03-08 18:54:18] ERROR during distribution: no such table: global_settings
[2026-03-08 18:55:58] Starting AI Trade daily distribution...
[2026-03-08 18:55:58] Monthly Target: 15.0%. Base Daily: 0.5000%. Actual Randomized Daily: 0.4586%
[2026-03-08 18:55:58] Successfully distributed 2.2929 USDT across 1 users.
[2026-03-08 22:19:11] Starting AI Trade daily GENERATION (22:00 CET)...
[2026-03-08 22:19:11] Day 1/30: Today's exact percent is 1.0605%
[2026-03-08 22:19:11] Generated 10.6290 USDT in pending profits across 2 users.
[2026-03-08 22:19:11] Starting AI Trade REINVESTMENT (22:20 CET)...
[2026-03-08 22:19:11] Successfully auto-reinvested 10.6290 USDT across 2 users.
[2026-03-08 23:31:09] Starting AI Trade daily GENERATION (22:00 CET)...
[2026-03-08 23:31:09] Day 2/30: Today's exact percent is 1.2133%
[2026-03-08 23:31:09] Generated 12.2902 USDT in pending profits across 2 users.
[2026-03-08 23:39:00] Starting AI Trade daily GENERATION (22:00 CET)...
[2026-03-08 23:39:00] Day 3/30: Today's exact percent is 0.6827%
[2026-03-08 23:39:00] Generated 6.9154 USDT in pending profits across 2 users.
[2026-03-08 23:39:20] Starting AI Trade daily GENERATION (22:00 CET)...
[2026-03-08 23:39:20] Day 4/30: Today's exact percent is 0.4162%
[2026-03-08 23:39:20] Generated 4.2156 USDT in pending profits across 2 users.
[2026-03-24 14:14:17] Starting AI Trade REINVESTMENT (22:20 CET)...
[2026-03-24 14:14:18] Successfully auto-reinvested 2.1126 USDT across 1 users.
[2026-03-24 14:14:45] Starting AI Trade daily GENERATION (22:00 CET)...
[2026-03-24 14:14:45] Day 5/30: Today's exact percent is 0.9332%
[2026-03-24 14:14:45] Generated 9.4718 USDT in pending profits across 2 users.
[2026-03-24 14:38:08] Starting AI Trade daily GENERATION (22:00 CET)...
[2026-03-24 14:38:08] Day 6/30: Today's exact percent is 0.8283%
[2026-03-24 14:38:09] Generated 8.4076 USDT in pending profits across 2 users.
[2026-03-24 14:40:18] Starting AI Trade daily GENERATION (22:00 CET)...
[2026-03-24 14:40:18] Day 7/30: Today's exact percent is 0.5887%
[2026-03-24 14:40:18] Generated 5.9754 USDT in pending profits across 2 users.
